{"message":"Notification 모듈 안에 있는 _notificationcrawl에서 클롤링 요청 중 에러 발생: errorcode: 404, errormessage: Not Found","level":"info","timestamp":"2019-09-30 10:10:00"}
{"message":"Notification 모듈 안에 있는 _notificationcrawl에서 클롤링 요청 중 에러 발생:Error: Request failed with status code 404","level":"info","timestamp":"2019-09-30 10:12:00"}
{"message":"Notification 모듈 안에 있는 CrawlData에서 contents 크롤링 중 에러 발생: ","level":"info","timestamp":"2019-09-30 10:19:01"}
{"message":"Notification 모듈 안에 있는 CrawlData에서 contents 크롤링 중 에러 발생: ","level":"info","timestamp":"2019-09-30 10:19:01"}
{"message":"Notification 모듈 안에 있는 CrawlData에서 contents 크롤링 중 에러 발생: ","level":"info","timestamp":"2019-09-30 10:19:01"}
{"message":"Notification 모듈 안에 있는 CrawlData에서 contents 크롤링 중 에러 발생: ","level":"info","timestamp":"2019-09-30 10:19:01"}
{"message":"Notification 모듈 안에 있는 CrawlData에서 contents 크롤링 중 에러 발생: ","level":"info","timestamp":"2019-09-30 10:19:01"}
{"message":"Notification 모듈 안에 있는 CrawlData에서 contents 크롤링 중 에러 발생: ","level":"info","timestamp":"2019-09-30 10:19:02"}
{"message":"Notification 모듈 안에 있는 CrawlData에서 contents 크롤링 중 에러 발생: ","level":"info","timestamp":"2019-09-30 10:19:02"}
{"message":"Notification 모듈 안에 있는 CrawlData에서 contents 크롤링 중 에러 발생: ","level":"info","timestamp":"2019-09-30 10:19:01"}
{"message":"Notification 모듈 안에 있는 CrawlData에서 contents 크롤링 중 에러 발생: ","level":"info","timestamp":"2019-09-30 10:19:02"}
{"message":"Notification 모듈 안에 있는 CrawlData에서 contents 크롤링 중 에러 발생: ","level":"info","timestamp":"2019-09-30 10:19:02"}
{"message":"Notification 모듈 안에 있는 CrawlData에서 contents 크롤링 중 에러 발생: ","level":"info","timestamp":"2019-09-30 10:19:02"}
{"message":"Notification 모듈 안에 있는 CrawlData에서 contents 크롤링 중 에러 발생: ","level":"info","timestamp":"2019-09-30 10:19:02"}
{"message":"Notification 모듈 안에 있는 CrawlData에서 contents 크롤링 중 에러 발생: ","level":"info","timestamp":"2019-09-30 10:19:02"}
{"message":"Notification 모듈 안에 있는 CrawlData에서 contents 크롤링 중 에러 발생: ","level":"info","timestamp":"2019-09-30 10:19:02"}
{"message":"Notification 모듈 안에 있는 CrawlData에서 contents 크롤링 중 에러 발생: ","level":"info","timestamp":"2019-09-30 10:20:57"}
{"message":"Notification 모듈 안에 있는 CrawlData에서 contents 크롤링 중 에러 발생: ","level":"info","timestamp":"2019-09-30 10:20:57"}
{"message":"Notification 모듈 안에 있는 CrawlData에서 contents 크롤링 중 에러 발생: ","level":"info","timestamp":"2019-09-30 10:20:57"}
{"message":"Notification 모듈 안에 있는 CrawlData에서 contents 크롤링 중 에러 발생: ","level":"info","timestamp":"2019-09-30 10:20:57"}
{"message":"Notification 모듈 안에 있는 CrawlData에서 contents 크롤링 중 에러 발생: ","level":"info","timestamp":"2019-09-30 10:20:57"}
{"message":"Notification 모듈 안에 있는 CrawlData에서 contents 크롤링 중 에러 발생: ","level":"info","timestamp":"2019-09-30 10:20:57"}
{"message":"Notification 모듈 안에 있는 CrawlData에서 contents 크롤링 중 에러 발생: ","level":"info","timestamp":"2019-09-30 10:20:57"}
{"message":"Notification 모듈 안에 있는 CrawlData에서 contents 크롤링 중 에러 발생: ","level":"info","timestamp":"2019-09-30 10:20:57"}
{"message":"Notification 모듈 안에 있는 CrawlData에서 contents 크롤링 중 에러 발생: ","level":"info","timestamp":"2019-09-30 10:20:58"}
{"message":"Notification 모듈 안에 있는 CrawlData에서 contents 크롤링 중 에러 발생: ","level":"info","timestamp":"2019-09-30 10:20:58"}
{"message":"Notification 모듈 안에 있는 CrawlData에서 contents 크롤링 중 에러 발생: ","level":"info","timestamp":"2019-09-30 10:20:58"}
{"message":"Notification 모듈 안에 있는 CrawlData에서 contents 크롤링 중 에러 발생: ","level":"info","timestamp":"2019-09-30 10:20:58"}
{"message":"Notification 모듈 안에 있는 CrawlData에서 contents 크롤링 중 에러 발생: ","level":"info","timestamp":"2019-09-30 10:20:58"}
{"message":"Notification 모듈 안에 있는 CrawlData에서 contents 크롤링 중 에러 발생: ","level":"info","timestamp":"2019-09-30 10:20:58"}
{"message":"Notification 모듈 안에 있는 CrawlData에서 contents 크롤링 중 에러 발생: ","level":"info","timestamp":"2019-09-30 10:22:39"}
{"message":"Notification 모듈 안에 있는 CrawlData에서 contents 크롤링 중 에러 발생: ","level":"info","timestamp":"2019-09-30 10:22:40"}
{"message":"Notification 모듈 안에 있는 CrawlData에서 contents 크롤링 중 에러 발생: ","level":"info","timestamp":"2019-09-30 10:22:40"}
{"message":"Notification 모듈 안에 있는 CrawlData에서 contents 크롤링 중 에러 발생: ","level":"info","timestamp":"2019-09-30 10:22:40"}
{"message":"Notification 모듈 안에 있는 CrawlData에서 contents 크롤링 중 에러 발생: ","level":"info","timestamp":"2019-09-30 10:22:41"}
{"message":"Notification 모듈 안에 있는 CrawlData에서 contents 크롤링 중 에러 발생: ","level":"info","timestamp":"2019-09-30 10:22:41"}
{"message":"Notification 모듈 안에 있는 CrawlData에서 contents 크롤링 중 에러 발생: ","level":"info","timestamp":"2019-09-30 10:22:41"}
{"message":"Notification 모듈 안에 있는 CrawlData에서 contents 크롤링 중 에러 발생: ","level":"info","timestamp":"2019-09-30 10:22:41"}
{"message":"Notification 모듈 안에 있는 CrawlData에서 contents 크롤링 중 에러 발생: ","level":"info","timestamp":"2019-09-30 10:22:41"}
{"message":"Notification 모듈 안에 있는 CrawlData에서 contents 크롤링 중 에러 발생: ","level":"info","timestamp":"2019-09-30 10:22:41"}
{"message":"Notification 모듈 안에 있는 CrawlData에서 contents 크롤링 중 에러 발생: ","level":"info","timestamp":"2019-09-30 10:22:41"}
{"message":"Notification 모듈 안에 있는 CrawlData에서 contents 크롤링 중 에러 발생: ","level":"info","timestamp":"2019-09-30 10:22:40"}
{"message":"Notification 모듈 안에 있는 CrawlData에서 contents 크롤링 중 에러 발생: ","level":"info","timestamp":"2019-09-30 10:22:40"}
{"message":"Notification 모듈 안에 있는 CrawlData에서 contents 크롤링 중 에러 발생: ","level":"info","timestamp":"2019-09-30 10:22:40"}
{"message":"Notification 모듈 안에 있는 CrawlData에서 contents 크롤링 중 에러 발생: ","level":"info","timestamp":"2019-09-30 10:26:31"}
{"message":"Notification 모듈 안에 있는 CrawlData에서 contents 크롤링 중 에러 발생: ","level":"info","timestamp":"2019-09-30 10:26:31"}
{"message":"Notification 모듈 안에 있는 CrawlData에서 contents 크롤링 중 에러 발생: ","level":"info","timestamp":"2019-09-30 10:26:32"}
{"message":"Notification 모듈 안에 있는 CrawlData에서 contents 크롤링 중 에러 발생: ","level":"info","timestamp":"2019-09-30 10:26:32"}
{"message":"Notification 모듈 안에 있는 CrawlData에서 contents 크롤링 중 에러 발생: ","level":"info","timestamp":"2019-09-30 10:26:32"}
{"message":"Notification 모듈 안에 있는 CrawlData에서 contents 크롤링 중 에러 발생: ","level":"info","timestamp":"2019-09-30 10:26:32"}
{"message":"Notification 모듈 안에 있는 CrawlData에서 contents 크롤링 중 에러 발생: ","level":"info","timestamp":"2019-09-30 10:26:32"}
{"message":"Notification 모듈 안에 있는 CrawlData에서 contents 크롤링 중 에러 발생: ","level":"info","timestamp":"2019-09-30 10:26:32"}
{"message":"Notification 모듈 안에 있는 CrawlData에서 contents 크롤링 중 에러 발생: ","level":"info","timestamp":"2019-09-30 10:26:32"}
{"message":"Notification 모듈 안에 있는 CrawlData에서 contents 크롤링 중 에러 발생: ","level":"info","timestamp":"2019-09-30 10:26:32"}
{"message":"Notification 모듈 안에 있는 CrawlData에서 contents 크롤링 중 에러 발생: ","level":"info","timestamp":"2019-09-30 10:26:32"}
{"message":"Notification 모듈 안에 있는 CrawlData에서 contents 크롤링 중 에러 발생: ","level":"info","timestamp":"2019-09-30 10:26:32"}
{"message":"Notification 모듈 안에 있는 CrawlData에서 contents 크롤링 중 에러 발생: ","level":"info","timestamp":"2019-09-30 10:26:32"}
{"message":"Notification 모듈 안에 있는 CrawlData에서 contents 크롤링 중 에러 발생: ","level":"info","timestamp":"2019-09-30 10:26:32"}
{"message":"Notification 모듈 안에 있는 CrawlData에서 contents 크롤링 중 에러 발생: ","level":"info","timestamp":"2019-09-30 10:28:21"}
{"message":"Notification 모듈 안에 있는 CrawlData에서 contents 크롤링 중 에러 발생: ","level":"info","timestamp":"2019-09-30 10:28:22"}
{"message":"Notification 모듈 안에 있는 CrawlData에서 contents 크롤링 중 에러 발생: ","level":"info","timestamp":"2019-09-30 10:28:22"}
{"message":"Notification 모듈 안에 있는 CrawlData에서 contents 크롤링 중 에러 발생: ","level":"info","timestamp":"2019-09-30 10:28:22"}
{"message":"Notification 모듈 안에 있는 CrawlData에서 contents 크롤링 중 에러 발생: ","level":"info","timestamp":"2019-09-30 10:28:22"}
{"message":"Notification 모듈 안에 있는 CrawlData에서 contents 크롤링 중 에러 발생: ","level":"info","timestamp":"2019-09-30 10:28:22"}
{"message":"Notification 모듈 안에 있는 CrawlData에서 contents 크롤링 중 에러 발생: ","level":"info","timestamp":"2019-09-30 10:28:22"}
{"message":"Notification 모듈 안에 있는 CrawlData에서 contents 크롤링 중 에러 발생: ","level":"info","timestamp":"2019-09-30 10:28:22"}
{"message":"Notification 모듈 안에 있는 CrawlData에서 contents 크롤링 중 에러 발생: ","level":"info","timestamp":"2019-09-30 10:28:22"}
{"message":"Notification 모듈 안에 있는 CrawlData에서 contents 크롤링 중 에러 발생: ","level":"info","timestamp":"2019-09-30 10:28:22"}
{"message":"Notification 모듈 안에 있는 CrawlData에서 contents 크롤링 중 에러 발생: ","level":"info","timestamp":"2019-09-30 10:28:22"}
{"message":"Notification 모듈 안에 있는 CrawlData에서 contents 크롤링 중 에러 발생: ","level":"info","timestamp":"2019-09-30 10:28:22"}
{"message":"Notification 모듈 안에 있는 CrawlData에서 contents 크롤링 중 에러 발생: ","level":"info","timestamp":"2019-09-30 10:28:22"}
{"message":"Notification 모듈 안에 있는 CrawlData에서 contents 크롤링 중 에러 발생: ","level":"info","timestamp":"2019-09-30 10:28:22"}
{"message":"Notification 모듈 안에 있는 CrawlData에서 contents 크롤링 중 에러 발생: Error: getaddrinfo ENOTFOUND www.dic.hanyng.ac.kr","level":"info","timestamp":"2019-09-30 10:29:01"}
{"message":"Notification 모듈 안에 있는 CrawlData에서 contents 크롤링 중 에러 발생: Error: getaddrinfo ENOTFOUND www.dic.hanyng.ac.kr","level":"info","timestamp":"2019-09-30 10:29:01"}
{"message":"Notification 모듈 안에 있는 CrawlData에서 contents 크롤링 중 에러 발생: Error: getaddrinfo ENOTFOUND www.dic.hanyng.ac.kr","level":"info","timestamp":"2019-09-30 10:29:01"}
{"message":"Notification 모듈 안에 있는 CrawlData에서 contents 크롤링 중 에러 발생: Error: getaddrinfo ENOTFOUND www.dic.hanyng.ac.kr","level":"info","timestamp":"2019-09-30 10:29:02"}
{"message":"Notification 모듈 안에 있는 CrawlData에서 contents 크롤링 중 에러 발생: Error: getaddrinfo ENOTFOUND www.dic.hanyng.ac.kr","level":"info","timestamp":"2019-09-30 10:29:02"}
{"message":"Notification 모듈 안에 있는 CrawlData에서 contents 크롤링 중 에러 발생: Error: getaddrinfo ENOTFOUND www.dic.hanyng.ac.kr","level":"info","timestamp":"2019-09-30 10:29:02"}
{"message":"Notification 모듈 안에 있는 CrawlData에서 contents 크롤링 중 에러 발생: Error: getaddrinfo ENOTFOUND www.dic.hanyng.ac.kr","level":"info","timestamp":"2019-09-30 10:29:02"}
{"message":"Notification 모듈 안에 있는 CrawlData에서 contents 크롤링 중 에러 발생: Error: getaddrinfo ENOTFOUND www.dic.hanyng.ac.kr","level":"info","timestamp":"2019-09-30 10:29:02"}
{"message":"Notification 모듈 안에 있는 CrawlData에서 contents 크롤링 중 에러 발생: Error: getaddrinfo ENOTFOUND www.dic.hanyng.ac.kr","level":"info","timestamp":"2019-09-30 10:29:02"}
{"message":"Notification 모듈 안에 있는 CrawlData에서 contents 크롤링 중 에러 발생: Error: getaddrinfo ENOTFOUND www.dic.hanyng.ac.kr","level":"info","timestamp":"2019-09-30 10:29:02"}
{"message":"Notification 모듈 안에 있는 CrawlData에서 contents 크롤링 중 에러 발생: Error: getaddrinfo ENOTFOUND www.dic.hanyng.ac.kr","level":"info","timestamp":"2019-09-30 10:29:02"}
{"message":"Notification 모듈 안에 있는 CrawlData에서 contents 크롤링 중 에러 발생: Error: getaddrinfo ENOTFOUND www.dic.hanyng.ac.kr","level":"info","timestamp":"2019-09-30 10:29:02"}
{"message":"Notification 모듈 안에 있는 CrawlData에서 contents 크롤링 중 에러 발생: Error: getaddrinfo ENOTFOUND www.dic.hanyng.ac.kr","level":"info","timestamp":"2019-09-30 10:29:02"}
{"message":"Notification 모듈 안에 있는 CrawlData에서 contents 크롤링 중 에러 발생: Error: getaddrinfo ENOTFOUND www.dic.hanyng.ac.kr","level":"info","timestamp":"2019-09-30 10:29:02"}
{"message":"Notification 모듈 안에 있는 Translate_en 중 if(toTranslate) 내에서 title 번역 중 에러 발생: ","level":"info","timestamp":"2019-09-30 11:24:01"}
{"message":"Notification 모듈 안에 있는 Translate_en 중 if(toTranslate) 내에서 title 번역 중 에러 발생: ","level":"info","timestamp":"2019-09-30 11:24:01"}
{"message":"Notification 모듈 안에 있는 Translate_en 중 if(toTranslate) 내에서 title 번역 중 에러 발생: ","level":"info","timestamp":"2019-09-30 11:24:01"}
{"message":"Notification 모듈 안에 있는 Translate_en 중 if(toTranslate) 내에서 title 번역 중 에러 발생: ","level":"info","timestamp":"2019-09-30 11:24:01"}
{"message":"Notification 모듈 안에 있는 Translate_en 중 if(toTranslate) 내에서 title 번역 중 에러 발생: ","level":"info","timestamp":"2019-09-30 11:24:01"}
{"message":"Notification 모듈 안에 있는 Translate_en 중 if(toTranslate) 내에서 title 번역 중 에러 발생: ","level":"info","timestamp":"2019-09-30 11:24:01"}
{"message":"Notification 모듈 안에 있는 Translate_en 중 if(toTranslate) 내에서 title 번역 중 에러 발생: ","level":"info","timestamp":"2019-09-30 11:24:01"}
{"message":"Notification 모듈 안에 있는 Translate_en 중 if(toTranslate) 내에서 title 번역 중 에러 발생: ","level":"info","timestamp":"2019-09-30 11:24:01"}
{"message":"Notification 모듈 안에 있는 Translate_en 중 if(toTranslate) 내에서 title 번역 중 에러 발생: ","level":"info","timestamp":"2019-09-30 11:24:01"}
{"message":"Notification 모듈 안에 있는 Translate_en 중 if(toTranslate) 내에서 title 번역 중 에러 발생: ","level":"info","timestamp":"2019-09-30 11:24:01"}
{"message":"Notification 모듈 안에 있는 Translate_en 중 if(toTranslate) 내에서 title 번역 중 에러 발생: ","level":"info","timestamp":"2019-09-30 11:24:01"}
{"message":"Notification 모듈 안에 있는 Translate_en 중 if(toTranslate) 내에서 title 번역 중 에러 발생: ","level":"info","timestamp":"2019-09-30 11:24:01"}
{"message":"Notification 모듈 안에 있는 Translate_en 중 if(toTranslate) 내에서 title 번역 중 에러 발생: ","level":"info","timestamp":"2019-09-30 11:24:01"}
{"message":"Notification 모듈 안에 있는 Translate_en 중 if(toTranslate) 내에서 title 번역 중 에러 발생: ","level":"info","timestamp":"2019-09-30 11:24:01"}
{"message":"Notification 모듈 안에 있는 Translate_en 중 if(toTranslate) 내에서 title 번역 중 에러 발생: ","level":"info","timestamp":"2019-09-30 11:26:01"}
{"message":"Notification 모듈 안에 있는 Translate_en 중 if(toTranslate) 내에서 title 번역 중 에러 발생: ","level":"info","timestamp":"2019-09-30 11:26:01"}
{"message":"Notification 모듈 안에 있는 Translate_en 중 if(toTranslate) 내에서 title 번역 중 에러 발생: ","level":"info","timestamp":"2019-09-30 11:26:01"}
{"message":"Notification 모듈 안에 있는 Translate_en 중 if(toTranslate) 내에서 title 번역 중 에러 발생: ","level":"info","timestamp":"2019-09-30 11:26:01"}
{"message":"Notification 모듈 안에 있는 Translate_en 중 if(toTranslate) 내에서 title 번역 중 에러 발생: ","level":"info","timestamp":"2019-09-30 11:26:01"}
{"message":"Notification 모듈 안에 있는 Translate_en 중 if(toTranslate) 내에서 title 번역 중 에러 발생: ","level":"info","timestamp":"2019-09-30 11:26:01"}
{"message":"Notification 모듈 안에 있는 Translate_en 중 if(toTranslate) 내에서 title 번역 중 에러 발생: ","level":"info","timestamp":"2019-09-30 11:26:02"}
{"message":"Notification 모듈 안에 있는 Translate_en 중 if(toTranslate) 내에서 title 번역 중 에러 발생: ","level":"info","timestamp":"2019-09-30 11:26:02"}
{"message":"Notification 모듈 안에 있는 Translate_en 중 if(toTranslate) 내에서 title 번역 중 에러 발생: ","level":"info","timestamp":"2019-09-30 11:26:02"}
{"message":"Notification 모듈 안에 있는 Translate_en 중 if(toTranslate) 내에서 title 번역 중 에러 발생: ","level":"info","timestamp":"2019-09-30 11:26:02"}
{"message":"Notification 모듈 안에 있는 Translate_en 중 if(toTranslate) 내에서 title 번역 중 에러 발생: ","level":"info","timestamp":"2019-09-30 11:26:02"}
{"message":"Notification 모듈 안에 있는 Translate_en 중 if(toTranslate) 내에서 title 번역 중 에러 발생: ","level":"info","timestamp":"2019-09-30 11:26:02"}
{"message":"Notification 모듈 안에 있는 Translate_en 중 if(toTranslate) 내에서 title 번역 중 에러 발생: ","level":"info","timestamp":"2019-09-30 11:26:02"}
{"message":"Notification 모듈 안에 있는 Translate_en 중 if(toTranslate) 내에서 title 번역 중 에러 발생: ","level":"info","timestamp":"2019-09-30 11:26:01"}
{"message":"Notification 모듈 안에 있는 Translate_en 중 if(toTranslate) 내에서 title 번역 중 에러 발생: undefined","level":"info","timestamp":"2019-09-30 11:30:01"}
{"message":"Notification 모듈 안에 있는 Translate_en 중 if(toTranslate) 내에서 title 번역 중 에러 발생: undefined","level":"info","timestamp":"2019-09-30 11:30:01"}
{"message":"Notification 모듈 안에 있는 Translate_en 중 if(toTranslate) 내에서 title 번역 중 에러 발생: undefined","level":"info","timestamp":"2019-09-30 11:30:01"}
{"message":"Notification 모듈 안에 있는 Translate_en 중 if(toTranslate) 내에서 title 번역 중 에러 발생: undefined","level":"info","timestamp":"2019-09-30 11:30:01"}
{"message":"Notification 모듈 안에 있는 Translate_en 중 if(toTranslate) 내에서 title 번역 중 에러 발생: undefined","level":"info","timestamp":"2019-09-30 11:30:01"}
{"message":"Notification 모듈 안에 있는 Translate_en 중 if(toTranslate) 내에서 title 번역 중 에러 발생: undefined","level":"info","timestamp":"2019-09-30 11:30:01"}
{"message":"Notification 모듈 안에 있는 Translate_en 중 if(toTranslate) 내에서 title 번역 중 에러 발생: undefined","level":"info","timestamp":"2019-09-30 11:30:01"}
{"message":"Notification 모듈 안에 있는 Translate_en 중 if(toTranslate) 내에서 title 번역 중 에러 발생: undefined","level":"info","timestamp":"2019-09-30 11:30:01"}
{"message":"Notification 모듈 안에 있는 Translate_en 중 if(toTranslate) 내에서 title 번역 중 에러 발생: undefined","level":"info","timestamp":"2019-09-30 11:30:01"}
{"message":"Notification 모듈 안에 있는 Translate_en 중 if(toTranslate) 내에서 title 번역 중 에러 발생: undefined","level":"info","timestamp":"2019-09-30 11:30:01"}
{"message":"Notification 모듈 안에 있는 Translate_en 중 if(toTranslate) 내에서 title 번역 중 에러 발생: undefined","level":"info","timestamp":"2019-09-30 11:30:01"}
{"message":"Notification 모듈 안에 있는 Translate_en 중 if(toTranslate) 내에서 title 번역 중 에러 발생: undefined","level":"info","timestamp":"2019-09-30 11:30:01"}
{"message":"Notification 모듈 안에 있는 Translate_en 중 if(toTranslate) 내에서 title 번역 중 에러 발생: undefined","level":"info","timestamp":"2019-09-30 11:30:01"}
{"message":"Notification 모듈 안에 있는 Translate_en 중 if(toTranslate) 내에서 title 번역 중 에러 발생: undefined","level":"info","timestamp":"2019-09-30 11:30:01"}
{"message":"Notification 모듈 안에 있는 Translate_en 중 if(toTranslate) 내에서 title 번역 중 에러 발생: ","level":"info","timestamp":"2019-09-30 11:54:00"}
{"message":"Notification 모듈 안에 있는 Translate_en 중 if(toTranslate) 내에서 title 번역 중 에러 발생: ","level":"info","timestamp":"2019-09-30 11:54:01"}
{"message":"Notification 모듈 안에 있는 Translate_en 중 if(toTranslate) 내에서 title 번역 중 에러 발생: ","level":"info","timestamp":"2019-09-30 11:54:01"}
{"message":"Notification 모듈 안에 있는 Translate_en 중 if(toTranslate) 내에서 title 번역 중 에러 발생: ","level":"info","timestamp":"2019-09-30 11:54:01"}
{"message":"Notification 모듈 안에 있는 Translate_en 중 if(toTranslate) 내에서 title 번역 중 에러 발생: ","level":"info","timestamp":"2019-09-30 11:54:01"}
{"message":"Notification 모듈 안에 있는 Translate_en 중 if(toTranslate) 내에서 title 번역 중 에러 발생: ","level":"info","timestamp":"2019-09-30 11:54:01"}
{"message":"Notification 모듈 안에 있는 Translate_en 중 if(toTranslate) 내에서 title 번역 중 에러 발생: ","level":"info","timestamp":"2019-09-30 11:54:01"}
{"message":"Notification 모듈 안에 있는 Translate_en 중 if(toTranslate) 내에서 title 번역 중 에러 발생: ","level":"info","timestamp":"2019-09-30 11:54:01"}
{"message":"Notification 모듈 안에 있는 Translate_en 중 if(toTranslate) 내에서 title 번역 중 에러 발생: ","level":"info","timestamp":"2019-09-30 11:54:01"}
{"message":"Notification 모듈 안에 있는 Translate_en 중 if(toTranslate) 내에서 title 번역 중 에러 발생: ","level":"info","timestamp":"2019-09-30 11:54:01"}
{"message":"Notification 모듈 안에 있는 Translate_en 중 if(toTranslate) 내에서 title 번역 중 에러 발생: ","level":"info","timestamp":"2019-09-30 11:54:02"}
{"message":"Notification 모듈 안에 있는 Translate_en 중 if(toTranslate) 내에서 title 번역 중 에러 발생: ","level":"info","timestamp":"2019-09-30 11:54:02"}
{"message":"Notification 모듈 안에 있는 Translate_en 중 if(toTranslate) 내에서 title 번역 중 에러 발생: ","level":"info","timestamp":"2019-09-30 11:54:02"}
{"message":"Notification 모듈 안에 있는 Translate_en 중 if(toTranslate) 내에서 title 번역 중 에러 발생: ","level":"info","timestamp":"2019-09-30 11:54:02"}
{"message":"Notification 모듈 안에 있는 Translate_en 중 if(toTranslate) 내에서 title 번역 중 에러 발생: ","level":"info","timestamp":"2019-09-30 11:57:00"}
{"message":"Notification 모듈 안에 있는 Translate_en 중 if(toTranslate) 내에서 title 번역 중 에러 발생: ","level":"info","timestamp":"2019-09-30 11:57:01"}
{"message":"Notification 모듈 안에 있는 Translate_en 중 if(toTranslate) 내에서 title 번역 중 에러 발생: ","level":"info","timestamp":"2019-09-30 11:57:01"}
{"message":"Notification 모듈 안에 있는 Translate_en 중 if(toTranslate) 내에서 title 번역 중 에러 발생: ","level":"info","timestamp":"2019-09-30 11:57:01"}
{"message":"Notification 모듈 안에 있는 Translate_en 중 if(toTranslate) 내에서 title 번역 중 에러 발생: ","level":"info","timestamp":"2019-09-30 11:57:01"}
{"message":"Notification 모듈 안에 있는 Translate_en 중 if(toTranslate) 내에서 title 번역 중 에러 발생: ","level":"info","timestamp":"2019-09-30 11:57:01"}
{"message":"Notification 모듈 안에 있는 Translate_en 중 if(toTranslate) 내에서 title 번역 중 에러 발생: ","level":"info","timestamp":"2019-09-30 11:57:01"}
{"message":"Notification 모듈 안에 있는 Translate_en 중 if(toTranslate) 내에서 title 번역 중 에러 발생: ","level":"info","timestamp":"2019-09-30 11:57:01"}
{"message":"Notification 모듈 안에 있는 Translate_en 중 if(toTranslate) 내에서 title 번역 중 에러 발생: ","level":"info","timestamp":"2019-09-30 11:57:01"}
{"message":"Notification 모듈 안에 있는 Translate_en 중 if(toTranslate) 내에서 title 번역 중 에러 발생: ","level":"info","timestamp":"2019-09-30 11:57:01"}
{"message":"Notification 모듈 안에 있는 Translate_en 중 if(toTranslate) 내에서 title 번역 중 에러 발생: ","level":"info","timestamp":"2019-09-30 11:57:02"}
{"message":"Notification 모듈 안에 있는 Translate_en 중 if(toTranslate) 내에서 title 번역 중 에러 발생: ","level":"info","timestamp":"2019-09-30 11:57:02"}
{"message":"Notification 모듈 안에 있는 Translate_en 중 if(toTranslate) 내에서 title 번역 중 에러 발생: ","level":"info","timestamp":"2019-09-30 11:57:02"}
{"message":"Notification 모듈 안에 있는 Translate_en 중 if(toTranslate) 내에서 title 번역 중 에러 발생: ","level":"info","timestamp":"2019-09-30 11:57:02"}
{"message":"Notification 모듈 안에 있는 Translate_en 중 if(toTranslate) 내에서 title 번역 중 에러 발생: ","level":"info","timestamp":"2019-09-30 12:00:00"}
{"message":"Notification 모듈 안에 있는 Translate_en 중 if(toTranslate) 내에서 title 번역 중 에러 발생: ","level":"info","timestamp":"2019-09-30 12:00:00"}
{"message":"Notification 모듈 안에 있는 Translate_en 중 if(toTranslate) 내에서 title 번역 중 에러 발생: ","level":"info","timestamp":"2019-09-30 12:00:00"}
{"message":"Notification 모듈 안에 있는 Translate_en 중 if(toTranslate) 내에서 title 번역 중 에러 발생: ","level":"info","timestamp":"2019-09-30 12:00:01"}
{"message":"Notification 모듈 안에 있는 Translate_en 중 if(toTranslate) 내에서 title 번역 중 에러 발생: ","level":"info","timestamp":"2019-09-30 12:00:01"}
{"message":"Notification 모듈 안에 있는 Translate_en 중 if(toTranslate) 내에서 title 번역 중 에러 발생: ","level":"info","timestamp":"2019-09-30 12:00:01"}
{"message":"Notification 모듈 안에 있는 Translate_en 중 if(toTranslate) 내에서 title 번역 중 에러 발생: ","level":"info","timestamp":"2019-09-30 12:00:01"}
{"message":"Notification 모듈 안에 있는 Translate_en 중 if(toTranslate) 내에서 title 번역 중 에러 발생: ","level":"info","timestamp":"2019-09-30 12:00:01"}
{"message":"Notification 모듈 안에 있는 Translate_en 중 if(toTranslate) 내에서 title 번역 중 에러 발생: ","level":"info","timestamp":"2019-09-30 12:00:01"}
{"message":"Notification 모듈 안에 있는 Translate_en 중 if(toTranslate) 내에서 title 번역 중 에러 발생: ","level":"info","timestamp":"2019-09-30 12:00:01"}
{"message":"Notification 모듈 안에 있는 Translate_en 중 if(toTranslate) 내에서 title 번역 중 에러 발생: ","level":"info","timestamp":"2019-09-30 12:00:01"}
{"message":"Notification 모듈 안에 있는 Translate_en 중 if(toTranslate) 내에서 title 번역 중 에러 발생: ","level":"info","timestamp":"2019-09-30 12:00:01"}
{"message":"Notification 모듈 안에 있는 Translate_en 중 if(toTranslate) 내에서 title 번역 중 에러 발생: ","level":"info","timestamp":"2019-09-30 12:00:01"}
{"message":"Notification 모듈 안에 있는 Translate_en 중 if(toTranslate) 내에서 title 번역 중 에러 발생: ","level":"info","timestamp":"2019-09-30 12:00:01"}
{"message":"Notification 모듈 안에 있는 _translate_en에서 에러 발생: Error: socket hang up","level":"info","timestamp":"2019-09-30 12:03:00"}
{"message":"Notification 모듈 안에 있는 _notificationcrawl에서 클롤링 요청 중 에러 발생: Error: Request failed with status code 404\n    at createError (C:\\develop\\nodejs\\textbook\\projects\\HYU\\backend\\node_modules\\axios\\lib\\core\\createError.js:16:15)\n    at settle (C:\\develop\\nodejs\\textbook\\projects\\HYU\\backend\\node_modules\\axios\\lib\\core\\settle.js:17:12)\n    at IncomingMessage.handleStreamEnd (C:\\develop\\nodejs\\textbook\\projects\\HYU\\backend\\node_modules\\axios\\lib\\adapters\\http.js:237:11)\n    at IncomingMessage.emit (events.js:205:15)\n    at endReadableNT (_stream_readable.js:1154:12)\n    at processTicksAndRejections (internal/process/task_queues.js:84:9)","level":"info","timestamp":"2019-09-30 12:06:00"}
